This is pdfTeX, Version 3.14159265-2.6-1.40.19 (MiKTeX 2.9.6930 64-bit) (preloaded format=pdflatex 2019.1.18)  20 JAN 2019 01:56
entering extended mode
**./1_main.tex
(1_main.tex
LaTeX2e <2018-12-01>
(ociamthesis.cls
Document Class: ociamthesis 2010/11/22 v2.2 OCIAM thesis class
("C:\Program Files\MiKTeX 2.9\tex/latex/base\report.cls"
Document Class: report 2018/09/03 v1.4i Standard LaTeX document class
("C:\Program Files\MiKTeX 2.9\tex/latex/base\size12.clo"
File: size12.clo 2018/09/03 v1.4i Standard LaTeX file (size option)
)
\c@part=\count80
\c@chapter=\count81
\c@section=\count82
\c@subsection=\count83
\c@subsubsection=\count84
\c@paragraph=\count85
\c@subparagraph=\count86
\c@figure=\count87
\c@table=\count88
\abovecaptionskip=\skip41
\belowcaptionskip=\skip42
\bibindent=\dimen102
)
("C:\Program Files\MiKTeX 2.9\tex/latex/graphics\graphicx.sty"
Package: graphicx 2017/06/01 v1.1a Enhanced LaTeX Graphics (DPC,SPQR)

("C:\Program Files\MiKTeX 2.9\tex/latex/graphics\keyval.sty"
Package: keyval 2014/10/28 v1.15 key=value parser (DPC)
\KV@toks@=\toks14
)
("C:\Program Files\MiKTeX 2.9\tex/latex/graphics\graphics.sty"
Package: graphics 2017/06/25 v1.2c Standard LaTeX Graphics (DPC,SPQR)

("C:\Program Files\MiKTeX 2.9\tex/latex/graphics\trig.sty"
Package: trig 2016/01/03 v1.10 sin cos tan (DPC)
)
("C:\Program Files\MiKTeX 2.9\tex/latex/graphics-cfg\graphics.cfg"
File: graphics.cfg 2016/06/04 v1.11 sample graphics configuration
)
Package graphics Info: Driver file: pdftex.def on input line 99.

("C:\Program Files\MiKTeX 2.9\tex/latex/graphics-def\pdftex.def"
File: pdftex.def 2018/01/08 v1.0l Graphics/color driver for pdftex
))
\Gin@req@height=\dimen103
\Gin@req@width=\dimen104
)
("C:\Program Files\MiKTeX 2.9\tex/latex/base\ifthen.sty"
Package: ifthen 2014/09/29 v1.1c Standard LaTeX ifthen package (DPC)
))
("C:\Program Files\MiKTeX 2.9\tex/latex/amsfonts\amssymb.sty"
Package: amssymb 2013/01/14 v3.01 AMS font symbols

("C:\Program Files\MiKTeX 2.9\tex/latex/amsfonts\amsfonts.sty"
Package: amsfonts 2013/01/14 v3.01 Basic AMSFonts support
\@emptytoks=\toks15
\symAMSa=\mathgroup4
\symAMSb=\mathgroup5
LaTeX Font Info:    Overwriting math alphabet `\mathfrak' in version `bold'
(Font)                  U/euf/m/n --> U/euf/b/n on input line 106.
))
("C:\Program Files\MiKTeX 2.9\tex/latex/graphics\color.sty"
Package: color 2016/07/10 v1.1e Standard LaTeX Color (DPC)

("C:\Program Files\MiKTeX 2.9\tex/latex/graphics-cfg\color.cfg"
File: color.cfg 2016/01/02 v1.6 sample color configuration
)
Package color Info: Driver file: pdftex.def on input line 147.
)
("C:\Program Files\MiKTeX 2.9\tex/latex/amsmath\amsmath.sty"
Package: amsmath 2018/12/01 v2.17b AMS math features
\@mathmargin=\skip43

For additional information on amsmath, use the `?' option.
("C:\Program Files\MiKTeX 2.9\tex/latex/amsmath\amstext.sty"
Package: amstext 2000/06/29 v2.01 AMS text

("C:\Program Files\MiKTeX 2.9\tex/latex/amsmath\amsgen.sty"
File: amsgen.sty 1999/11/30 v2.0 generic functions
\@emptytoks=\toks16
\ex@=\dimen105
))
("C:\Program Files\MiKTeX 2.9\tex/latex/amsmath\amsbsy.sty"
Package: amsbsy 1999/11/29 v1.2d Bold Symbols
\pmbraise@=\dimen106
)
("C:\Program Files\MiKTeX 2.9\tex/latex/amsmath\amsopn.sty"
Package: amsopn 2016/03/08 v2.02 operator names
)
\inf@bad=\count89
LaTeX Info: Redefining \frac on input line 223.
\uproot@=\count90
\leftroot@=\count91
LaTeX Info: Redefining \overline on input line 385.
\classnum@=\count92
\DOTSCASE@=\count93
LaTeX Info: Redefining \ldots on input line 482.
LaTeX Info: Redefining \dots on input line 485.
LaTeX Info: Redefining \cdots on input line 606.
\Mathstrutbox@=\box27
\strutbox@=\box28
\big@size=\dimen107
LaTeX Font Info:    Redeclaring font encoding OML on input line 729.
LaTeX Font Info:    Redeclaring font encoding OMS on input line 730.
\macc@depth=\count94
\c@MaxMatrixCols=\count95
\dotsspace@=\muskip10
\c@parentequation=\count96
\dspbrk@lvl=\count97
\tag@help=\toks17
\row@=\count98
\column@=\count99
\maxfields@=\count100
\andhelp@=\toks18
\eqnshift@=\dimen108
\alignsep@=\dimen109
\tagshift@=\dimen110
\tagwidth@=\dimen111
\totwidth@=\dimen112
\lineht@=\dimen113
\@envbody=\toks19
\multlinegap=\skip44
\multlinetaggap=\skip45
\mathdisplay@stack=\toks20
LaTeX Info: Redefining \[ on input line 2844.
LaTeX Info: Redefining \] on input line 2845.
)
("C:\Program Files\MiKTeX 2.9\tex/latex/mathtools\mathtools.sty"
Package: mathtools 2018/01/08 v1.21 mathematical typesetting tools

("C:\Program Files\MiKTeX 2.9\tex/latex/tools\calc.sty"
Package: calc 2017/05/25 v4.3 Infix arithmetic (KKT,FJ)
\calc@Acount=\count101
\calc@Bcount=\count102
\calc@Adimen=\dimen114
\calc@Bdimen=\dimen115
\calc@Askip=\skip46
\calc@Bskip=\skip47
LaTeX Info: Redefining \setlength on input line 80.
LaTeX Info: Redefining \addtolength on input line 81.
\calc@Ccount=\count103
\calc@Cskip=\skip48
)
("C:\Program Files\MiKTeX 2.9\tex/latex/mathtools\mhsetup.sty"
Package: mhsetup 2017/03/31 v1.3 programming setup (MH)
)
LaTeX Info: Thecontrolsequence`\('isalreadyrobust on input line 129.
LaTeX Info: Thecontrolsequence`\)'isalreadyrobust on input line 129.
LaTeX Info: Thecontrolsequence`\['isalreadyrobust on input line 129.
LaTeX Info: Thecontrolsequence`\]'isalreadyrobust on input line 129.
\g_MT_multlinerow_int=\count104
\l_MT_multwidth_dim=\dimen116
\origjot=\skip49
\l_MT_shortvdotswithinadjustabove_dim=\dimen117
\l_MT_shortvdotswithinadjustbelow_dim=\dimen118
\l_MT_above_intertext_sep=\dimen119
\l_MT_below_intertext_sep=\dimen120
\l_MT_above_shortintertext_sep=\dimen121
\l_MT_below_shortintertext_sep=\dimen122
)
("C:\Program Files\MiKTeX 2.9\tex/latex/natbib\natbib.sty"
Package: natbib 2010/09/13 8.31b (PWD, AO)
\bibhang=\skip50
\bibsep=\skip51
LaTeX Info: Redefining \cite on input line 694.
\c@NAT@ctr=\count105
)
("C:\Program Files\MiKTeX 2.9\tex/latex/float\float.sty"
Package: float 2001/11/08 v1.3d Float enhancements (AL)
\c@float@type=\count106
\float@exts=\toks21
\float@box=\box29
\@float@everytoks=\toks22
\@floatcapt=\box30
)
("C:\Program Files\MiKTeX 2.9\tex/latex/caption\subcaption.sty"
Package: subcaption 2018/05/01 v1.1-162 Sub-captions (AR)

("C:\Program Files\MiKTeX 2.9\tex/latex/caption\caption.sty"
Package: caption 2018/10/06 v3.3-154 Customizing captions (AR)

("C:\Program Files\MiKTeX 2.9\tex/latex/caption\caption3.sty"
Package: caption3 2018/09/12 v1.8c caption3 kernel (AR)
Package caption3 Info: TeX engine: e-TeX on input line 64.
\captionmargin=\dimen123
\captionmargin@=\dimen124
\captionwidth=\dimen125
\caption@tempdima=\dimen126
\caption@indent=\dimen127
\caption@parindent=\dimen128
\caption@hangindent=\dimen129
)
\c@caption@flags=\count107
\c@ContinuedFloat=\count108
Package caption Info: float package is loaded.
)
\c@subfigure=\count109
\c@subtable=\count110
)
("C:\Program Files\MiKTeX 2.9\tex/latex/makecell\makecell.sty"
Package: makecell 2009/08/03 V0.1e Managing of Tab Column Heads and Cells

("C:\Program Files\MiKTeX 2.9\tex/latex/tools\array.sty"
Package: array 2018/11/13 v2.4j Tabular extension package (FMi)
\col@sep=\dimen130
\ar@mcellbox=\box31
\extrarowheight=\dimen131
\NC@list=\toks23
\extratabsurround=\skip52
\backup@length=\skip53
\ar@cellbox=\box32
)
\rotheadsize=\dimen132
\c@nlinenum=\count111
\TeXr@lab=\toks24
)
("C:\Program Files\MiKTeX 2.9\tex/latex/booktabs\booktabs.sty"
Package: booktabs 2005/04/14 v1.61803 publication quality tables
\heavyrulewidth=\dimen133
\lightrulewidth=\dimen134
\cmidrulewidth=\dimen135
\belowrulesep=\dimen136
\belowbottomsep=\dimen137
\aboverulesep=\dimen138
\abovetopsep=\dimen139
\cmidrulesep=\dimen140
\cmidrulekern=\dimen141
\defaultaddspace=\dimen142
\@cmidla=\count112
\@cmidlb=\count113
\@aboverulesep=\dimen143
\@belowrulesep=\dimen144
\@thisruleclass=\count114
\@lastruleclass=\count115
\@thisrulewidth=\dimen145
)
("C:\Program Files\MiKTeX 2.9\tex/latex/multirow\multirow.sty"
Package: multirow 2019/01/01 v2.4 Span multiple rows of a table
\multirow@colwidth=\skip54
\multirow@cntb=\count116
\multirow@dima=\skip55
\bigstrutjot=\dimen146
)
("C:\Program Files\MiKTeX 2.9\tex/latex/hyperref\hyperref.sty"
Package: hyperref 2018/11/30 v6.88e Hypertext links for LaTeX

("C:\Program Files\MiKTeX 2.9\tex/generic/oberdiek\hobsub-hyperref.sty"
Package: hobsub-hyperref 2016/05/16 v1.14 Bundle oberdiek, subset hyperref (HO)


("C:\Program Files\MiKTeX 2.9\tex/generic/oberdiek\hobsub-generic.sty"
Package: hobsub-generic 2016/05/16 v1.14 Bundle oberdiek, subset generic (HO)
Package: hobsub 2016/05/16 v1.14 Construct package bundles (HO)
Package: infwarerr 2016/05/16 v1.4 Providing info/warning/error messages (HO)
Package: ltxcmds 2016/05/16 v1.23 LaTeX kernel commands for general use (HO)
Package: ifluatex 2016/05/16 v1.4 Provides the ifluatex switch (HO)
Package ifluatex Info: LuaTeX not detected.
Package: ifvtex 2016/05/16 v1.6 Detect VTeX and its facilities (HO)
Package ifvtex Info: VTeX not detected.
Package: intcalc 2016/05/16 v1.2 Expandable calculations with integers (HO)
Package: ifpdf 2018/09/07 v3.3 Provides the ifpdf switch
Package: etexcmds 2016/05/16 v1.6 Avoid name clashes with e-TeX commands (HO)
Package: kvsetkeys 2016/05/16 v1.17 Key value parser (HO)
Package: kvdefinekeys 2016/05/16 v1.4 Define keys (HO)
Package: pdftexcmds 2018/09/10 v0.29 Utility functions of pdfTeX for LuaTeX (HO
)
Package pdftexcmds Info: LuaTeX not detected.
Package pdftexcmds Info: \pdf@primitive is available.
Package pdftexcmds Info: \pdf@ifprimitive is available.
Package pdftexcmds Info: \pdfdraftmode found.
Package: pdfescape 2016/05/16 v1.14 Implements pdfTeX's escape features (HO)
Package: bigintcalc 2016/05/16 v1.4 Expandable calculations on big integers (HO
)
Package: bitset 2016/05/16 v1.2 Handle bit-vector datatype (HO)
Package: uniquecounter 2016/05/16 v1.3 Provide unlimited unique counter (HO)
)
Package hobsub Info: Skipping package `hobsub' (already loaded).
Package: letltxmacro 2016/05/16 v1.5 Let assignment for LaTeX macros (HO)
Package: hopatch 2016/05/16 v1.3 Wrapper for package hooks (HO)
Package: xcolor-patch 2016/05/16 xcolor patch
Package: atveryend 2016/05/16 v1.9 Hooks at the very end of document (HO)
Package atveryend Info: \enddocument detected (standard20110627).
Package: atbegshi 2016/06/09 v1.18 At begin shipout hook (HO)
Package: refcount 2016/05/16 v3.5 Data extraction from label references (HO)
Package: hycolor 2016/05/16 v1.8 Color options for hyperref/bookmark (HO)
)
("C:\Program Files\MiKTeX 2.9\tex/generic/ifxetex\ifxetex.sty"
Package: ifxetex 2010/09/12 v0.6 Provides ifxetex conditional
)
("C:\Program Files\MiKTeX 2.9\tex/latex/oberdiek\auxhook.sty"
Package: auxhook 2016/05/16 v1.4 Hooks for auxiliary files (HO)
)
("C:\Program Files\MiKTeX 2.9\tex/latex/oberdiek\kvoptions.sty"
Package: kvoptions 2016/05/16 v3.12 Key value format for package options (HO)
)
\@linkdim=\dimen147
\Hy@linkcounter=\count117
\Hy@pagecounter=\count118

("C:\Program Files\MiKTeX 2.9\tex/latex/hyperref\pd1enc.def"
File: pd1enc.def 2018/11/30 v6.88e Hyperref: PDFDocEncoding definition (HO)
Now handling font encoding PD1 ...
... no UTF-8 mapping file for font encoding PD1
)
\Hy@SavedSpaceFactor=\count119

("C:\Program Files\MiKTeX 2.9\tex/latex/00miktex\hyperref.cfg"
File: hyperref.cfg 2002/06/06 v1.2 hyperref configuration of TeXLive
)
Package hyperref Info: Hyper figures OFF on input line 4519.
Package hyperref Info: Link nesting OFF on input line 4524.
Package hyperref Info: Hyper index ON on input line 4527.
Package hyperref Info: Plain pages OFF on input line 4534.
Package hyperref Info: Backreferencing OFF on input line 4539.
Package hyperref Info: Implicit mode ON; LaTeX internals redefined.
Package hyperref Info: Bookmarks ON on input line 4772.
\c@Hy@tempcnt=\count120

("C:\Program Files\MiKTeX 2.9\tex/latex/url\url.sty"
\Urlmuskip=\muskip11
Package: url 2013/09/16  ver 3.4  Verb mode for urls, etc.
)
LaTeX Info: Redefining \url on input line 5125.
\XeTeXLinkMargin=\dimen148
\Fld@menulength=\count121
\Field@Width=\dimen149
\Fld@charsize=\dimen150
Package hyperref Info: Hyper figures OFF on input line 6380.
Package hyperref Info: Link nesting OFF on input line 6385.
Package hyperref Info: Hyper index ON on input line 6388.
Package hyperref Info: backreferencing OFF on input line 6395.
Package hyperref Info: Link coloring OFF on input line 6400.
Package hyperref Info: Link coloring with OCG OFF on input line 6405.
Package hyperref Info: PDF/A mode OFF on input line 6410.
LaTeX Info: Redefining \ref on input line 6450.
LaTeX Info: Redefining \pageref on input line 6454.
\Hy@abspage=\count122
\c@Item=\count123
\c@Hfootnote=\count124
)
Package hyperref Info: Driver (autodetected): hpdftex.

("C:\Program Files\MiKTeX 2.9\tex/latex/hyperref\hpdftex.def"
File: hpdftex.def 2018/11/30 v6.88e Hyperref driver for pdfTeX
\Fld@listcount=\count125
\c@bookmark@seq@number=\count126

("C:\Program Files\MiKTeX 2.9\tex/latex/oberdiek\rerunfilecheck.sty"
Package: rerunfilecheck 2016/05/16 v1.8 Rerun checks for auxiliary files (HO)
Package uniquecounter Info: New unique counter `rerunfilecheck' on input line 2
82.
)
\Hy@SectionHShift=\skip56
)
(1_main.aux (abstract.aux) (chapter1.aux) (chapter2.aux) (chapter3.aux)
(chapter4.aux) (chapter5.aux) (chapter6.aux))
\openout1 = `1_main.aux'.

LaTeX Font Info:    Checking defaults for OML/cmm/m/it on input line 36.
LaTeX Font Info:    ... okay on input line 36.
LaTeX Font Info:    Checking defaults for T1/cmr/m/n on input line 36.
LaTeX Font Info:    ... okay on input line 36.
LaTeX Font Info:    Checking defaults for OT1/cmr/m/n on input line 36.
LaTeX Font Info:    ... okay on input line 36.
LaTeX Font Info:    Checking defaults for OMS/cmsy/m/n on input line 36.
LaTeX Font Info:    ... okay on input line 36.
LaTeX Font Info:    Checking defaults for OMX/cmex/m/n on input line 36.
LaTeX Font Info:    ... okay on input line 36.
LaTeX Font Info:    Checking defaults for U/cmr/m/n on input line 36.
LaTeX Font Info:    ... okay on input line 36.
LaTeX Font Info:    Checking defaults for PD1/pdf/m/n on input line 36.
LaTeX Font Info:    ... okay on input line 36.

("C:\Program Files\MiKTeX 2.9\tex/context/base\supp-pdf.mkii"
[Loading MPS to PDF converter (version 2006.09.02).]
\scratchcounter=\count127
\scratchdimen=\dimen151
\scratchbox=\box33
\nofMPsegments=\count128
\nofMParguments=\count129
\everyMPshowfont=\toks25
\MPscratchCnt=\count130
\MPscratchDim=\dimen152
\MPnumerator=\count131
\makeMPintoPDFobject=\count132
\everyMPtoPDFconversion=\toks26
) ("C:\Program Files\MiKTeX 2.9\tex/latex/oberdiek\epstopdf-base.sty"
Package: epstopdf-base 2016/05/15 v2.6 Base part for package epstopdf

("C:\Program Files\MiKTeX 2.9\tex/latex/oberdiek\grfext.sty"
Package: grfext 2016/05/16 v1.2 Manage graphics extensions (HO)
)
Package epstopdf-base Info: Redefining graphics rule for `.eps' on input line 4
38.
Package grfext Info: Graphics extension search list:
(grfext)             [.pdf,.png,.jpg,.mps,.jpeg,.jbig2,.jb2,.PDF,.PNG,.JPG,.JPE
G,.JBIG2,.JB2,.eps]
(grfext)             \AppendGraphicsExtensions on input line 456.
)
Package caption Info: Begin \AtBeginDocument code.
Package caption Info: hyperref package is loaded.
Package caption Info: End \AtBeginDocument code.
\AtBeginShipoutBox=\box34
Package hyperref Info: Link coloring OFF on input line 36.

("C:\Program Files\MiKTeX 2.9\tex/latex/hyperref\nameref.sty"
Package: nameref 2016/05/21 v2.44 Cross-referencing by name of section

("C:\Program Files\MiKTeX 2.9\tex/generic/oberdiek\gettitlestring.sty"
Package: gettitlestring 2016/05/16 v1.5 Cleanup title references (HO)
)
\c@section@level=\count133
)
LaTeX Info: Redefining \ref on input line 36.
LaTeX Info: Redefining \pageref on input line 36.
LaTeX Info: Redefining \nameref on input line 36.

(1_main.out) (1_main.out)
\@outlinefile=\write3
\openout3 = `1_main.out'.

 [1


{C:/Users/Wu Hao/AppData/Local/MiKTeX/2.9/pdftex/config/pdftex.map}]
\openout2 = `abstract.aux'.

 (abstract.tex [2


]) (1_main.toc
LaTeX Font Info:    Try loading font information for U+msa on input line 2.

("C:\Program Files\MiKTeX 2.9\tex/latex/amsfonts\umsa.fd"
File: umsa.fd 2013/01/14 v3.01 AMS symbols A
)
LaTeX Font Info:    Try loading font information for U+msb on input line 2.

("C:\Program Files\MiKTeX 2.9\tex/latex/amsfonts\umsb.fd"
File: umsb.fd 2013/01/14 v3.01 AMS symbols B
) [1



])
\tf@toc=\write4
\openout4 = `1_main.toc'.

 [2] (1_main.lof [3

])
\tf@lof=\write5
\openout5 = `1_main.lof'.

 [4] (1_main.lot)
\tf@lot=\write6
\openout6 = `1_main.lot'.

 [5

]
\openout2 = `chapter1.aux'.

 (chapter1.tex
Chapter 1.
<images/prototype1.jpg, id=388, 231.264pt x 130.086pt>
File: images/prototype1.jpg Graphic file (type jpg)
<use images/prototype1.jpg>
Package pdftex.def Info: images/prototype1.jpg  used on input line 14.
(pdftex.def)             Requested size: 386.35492pt x 217.3361pt.
<images/prototype2.jpg, id=389, 231.264pt x 130.086pt>
File: images/prototype2.jpg Graphic file (type jpg)
<use images/prototype2.jpg>
Package pdftex.def Info: images/prototype2.jpg  used on input line 20.
(pdftex.def)             Requested size: 386.35492pt x 217.3361pt.
pdfTeX warning (ext4): destination with the same identifier (name{page.1}) has 
been already used, duplicate ignored
<to be read again> 
                   \relax 
l.27 
      [1



]
LaTeX Font Info:    Try loading font information for OMS+cmr on input line 30.
 ("C:\Program Files\MiKTeX 2.9\tex/latex/base\omscmr.fd"
File: omscmr.fd 2014/09/29 v2.5h Standard LaTeX font definitions
)
LaTeX Font Info:    Font shape `OMS/cmr/m/n' in size <12> not available
(Font)              Font shape `OMS/cmsy/m/n' tried instead on input line 30.
pdfTeX warning (ext4): destination with the same identifier (name{page.2}) has 
been already used, duplicate ignored
<to be read again> 
                   \relax 
l.32 
      [2 <./images/prototype1.jpg> <./images/prototype2.jpg>] [3] [4]
Overfull \hbox (3.01852pt too wide) in paragraph at lines 76--77
\OT1/cmr/m/n/12 floors in mod-ern build-ings and pro-vides back-ground in-for-m
a-tion about the rib-stiffened
 []

) [5]
\openout2 = `chapter2.aux'.

 (chapter2.tex
Chapter 2.
[6



] [7] [8]) [9]
\openout2 = `chapter3.aux'.

 (chapter3.tex
Chapter 3.
<images/workflow.png, id=464, 1028.34187pt x 625.33624pt>
File: images/workflow.png Graphic file (type png)
<use images/workflow.png>
Package pdftex.def Info: images/workflow.png  used on input line 9.
(pdftex.def)             Requested size: 433.62pt x 263.68903pt.
[10



] [11 <./images/workflow.png>]
<images/span5.png, id=476, 536.0025pt x 405.01312pt>
File: images/span5.png Graphic file (type png)
<use images/span5.png>
Package pdftex.def Info: images/span5.png  used on input line 34.
(pdftex.def)             Requested size: 197.72832pt x 149.40135pt.
<images/span6.png, id=477, 536.3789pt x 406.14235pt>
File: images/span6.png Graphic file (type png)
<use images/span6.png>
Package pdftex.def Info: images/span6.png  used on input line 40.
(pdftex.def)             Requested size: 197.72832pt x 149.71877pt.
<images/span7.png, id=478, 533.74406pt x 404.26031pt>
File: images/span7.png Graphic file (type png)
<use images/span7.png>
Package pdftex.def Info: images/span7.png  used on input line 46.
(pdftex.def)             Requested size: 197.72832pt x 149.75902pt.
<images/span8.png, id=479, 535.6261pt x 403.88391pt>
File: images/span8.png Graphic file (type png)
<use images/span8.png>
Package pdftex.def Info: images/span8.png  used on input line 52.
(pdftex.def)             Requested size: 197.72832pt x 149.09575pt.
<images/span9.png, id=480, 535.2497pt x 405.76593pt>
File: images/span9.png Graphic file (type png)
<use images/span9.png>
Package pdftex.def Info: images/span9.png  used on input line 58.
(pdftex.def)             Requested size: 197.72832pt x 149.89577pt.
<images/span10.png, id=481, 533.36766pt x 408.77719pt>
File: images/span10.png Graphic file (type png)
<use images/span10.png>
Package pdftex.def Info: images/span10.png  used on input line 64.
(pdftex.def)             Requested size: 197.72832pt x 151.53835pt.
 [12] [13 <./images/span5.png> <./images/span6.png> <./images/span7.png> <./ima
ges/span8.png> <./images/span9.png> <./images/span10.png>] [14]
<images/footfall.png, id=509, 1068.1506pt x 632.3625pt>
File: images/footfall.png Graphic file (type png)
<use images/footfall.png>
Package pdftex.def Info: images/footfall.png  used on input line 116.
(pdftex.def)             Requested size: 433.62pt x 256.7133pt.
 [15 <./images/footfall.png>] [16]
<images/mode1.png, id=534, 580.41844pt x 284.18672pt>
File: images/mode1.png Graphic file (type png)
<use images/mode1.png>
Package pdftex.def Info: images/mode1.png  used on input line 171.
(pdftex.def)             Requested size: 197.72832pt x 96.813pt.
<images/mode2.png, id=535, 580.41844pt x 284.18672pt>
File: images/mode2.png Graphic file (type png)
<use images/mode2.png>
Package pdftex.def Info: images/mode2.png  used on input line 177.
(pdftex.def)             Requested size: 197.72832pt x 96.813pt.
<images/mode4.png, id=536, 579.28922pt x 284.18672pt>
File: images/mode4.png Graphic file (type png)
<use images/mode4.png>
Package pdftex.def Info: images/mode4.png  used on input line 183.
(pdftex.def)             Requested size: 197.72832pt x 96.99947pt.
<images/mode6.png, id=537, 579.28922pt x 283.81032pt>
File: images/mode6.png Graphic file (type png)
<use images/mode6.png>
Package pdftex.def Info: images/mode6.png  used on input line 189.
(pdftex.def)             Requested size: 197.72832pt x 96.87099pt.
 [17 <./images/mode1.png> <./images/mode2.png> <./images/mode4.png> <./images/m
ode6.png>] [18]
<images/weight_curve.png, id=568, 338.38922pt x 394.85016pt>
File: images/weight_curve.png Graphic file (type png)
<use images/weight_curve.png>
Package pdftex.def Info: images/weight_curve.png  used on input line 256.
(pdftex.def)             Requested size: 197.72832pt x 230.72432pt.
<images/weight_fn.png, id=569, 522.07547pt x 231.86626pt>
File: images/weight_fn.png Graphic file (type png)
<use images/weight_fn.png>
Package pdftex.def Info: images/weight_fn.png  used on input line 261.
(pdftex.def)             Requested size: 214.64308pt x 95.32758pt.
<images/multiplier_SCI.png, id=572, 525.83954pt x 241.65282pt>
File: images/multiplier_SCI.png Graphic file (type png)
<use images/multiplier_SCI.png>
Package pdftex.def Info: images/multiplier_SCI.png  used on input line 280.
(pdftex.def)             Requested size: 303.53267pt x 139.49501pt.
 [19 <./images/weight_curve.png> <./images/weight_fn.png>]) [20 <./images/multi
plier_SCI.png>]
\openout2 = `chapter4.aux'.

 (chapter4.tex
Chapter 4.
<images/l_m1.png, id=592, 523.9575pt x 685.1196pt>
File: images/l_m1.png Graphic file (type png)
<use images/l_m1.png>
Package pdftex.def Info: images/l_m1.png  used on input line 22.
(pdftex.def)             Requested size: 137.37471pt x 179.62183pt.
<images/l2d_m1.png, id=593, 524.6802pt x 684.3969pt>
File: images/l2d_m1.png Graphic file (type png)
<use images/l2d_m1.png>
Package pdftex.def Info: images/l2d_m1.png  used on input line 28.
(pdftex.def)             Requested size: 137.37471pt x 179.19215pt.
<images/gamma_m1.png, id=594, 525.4029pt x 684.3969pt>
File: images/gamma_m1.png Graphic file (type png)
<use images/gamma_m1.png>
Package pdftex.def Info: images/gamma_m1.png  used on input line 34.
(pdftex.def)             Requested size: 137.37471pt x 178.94153pt.
[21



]
<images/l,gamma-m1.png, id=601, 955.4094pt x 695.9601pt>
File: images/l,gamma-m1.png Graphic file (type png)
<use images/l,gamma-m1.png>
Package pdftex.def Info: images/l,gamma-m1.png  used on input line 44.
(pdftex.def)             Requested size: 390.25534pt x 284.27292pt.
 [22 <./images/l_m1.png> <./images/l2d_m1.png> <./images/gamma_m1.png>]
[23 <./images/l,gamma-m1.png>]
<images/l_m12m.png, id=618, 524.6802pt x 682.2288pt>
File: images/l_m12m.png Graphic file (type png)
<use images/l_m12m.png>
Package pdftex.def Info: images/l_m12m.png  used on input line 55.
(pdftex.def)             Requested size: 137.37471pt x 178.6245pt.
<images/l2d_m12m.png, id=619, 525.4029pt x 682.2288pt>
File: images/l2d_m12m.png Graphic file (type png)
<use images/l2d_m12m.png>
Package pdftex.def Info: images/l2d_m12m.png  used on input line 61.
(pdftex.def)             Requested size: 137.37471pt x 178.37465pt.
<images/gamma_m12m.png, id=620, 524.6802pt x 683.6742pt>
File: images/gamma_m12m.png Graphic file (type png)
<use images/gamma_m12m.png>
Package pdftex.def Info: images/gamma_m12m.png  used on input line 67.
(pdftex.def)             Requested size: 137.37471pt x 179.00293pt.
<images/m12m_change.png, id=621, 1136.8071pt x 736.4313pt>
File: images/m12m_change.png Graphic file (type png)
<use images/m12m_change.png>
Package pdftex.def Info: images/m12m_change.png  used on input line 77.
(pdftex.def)             Requested size: 390.25534pt x 252.81052pt.
<images/l_f1.png, id=623, 447.3513pt x 656.2116pt>
File: images/l_f1.png Graphic file (type png)
<use images/l_f1.png>
Package pdftex.def Info: images/l_f1.png  used on input line 88.
(pdftex.def)             Requested size: 137.37471pt x 201.51102pt.
<images/l2d_f1.png, id=624, 449.5194pt x 654.0435pt>
File: images/l2d_f1.png Graphic file (type png)
<use images/l2d_f1.png>
Package pdftex.def Info: images/l2d_f1.png  used on input line 94.
(pdftex.def)             Requested size: 137.37471pt x 199.87718pt.
<images/gamma_f1.png, id=625, 454.5783pt x 652.5981pt>
File: images/gamma_f1.png Graphic file (type png)
<use images/gamma_f1.png>
Package pdftex.def Info: images/gamma_f1.png  used on input line 100.
(pdftex.def)             Requested size: 137.37471pt x 197.21486pt.
 [24 <./images/m12m_change.png> <./images/l_m12m.png> <./images/l2d_m12m.png> <
./images/gamma_m12m.png>]
<images/m1_f1.png, id=636, 880.2486pt x 513.8397pt>
File: images/m1_f1.png Graphic file (type png)
<use images/m1_f1.png>
Package pdftex.def Info: images/m1_f1.png  used on input line 114.
(pdftex.def)             Requested size: 433.62pt x 253.12439pt.
 [25 <./images/l_f1.png> <./images/l2d_f1.png> <./images/gamma_f1.png>]
<images/first_modes.png, id=646, 735.1214pt x 221.70328pt>
File: images/first_modes.png Graphic file (type png)
<use images/first_modes.png>
Package pdftex.def Info: images/first_modes.png  used on input line 124.
(pdftex.def)             Requested size: 433.62pt x 130.77673pt.
 [26 <./images/m1_f1.png> <./images/first_modes.png>]
<images/damping.png, id=658, 440.77171pt x 350.81062pt>
File: images/damping.png Graphic file (type png)
<use images/damping.png>
Package pdftex.def Info: images/damping.png  used on input line 145.
(pdftex.def)             Requested size: 216.81pt x 172.55711pt.
 [27]
<images/response_abq.png, id=668, 876.27374pt x 655.44875pt>
File: images/response_abq.png Graphic file (type png)
<use images/response_abq.png>
Package pdftex.def Info: images/response_abq.png  used on input line 154.
(pdftex.def)             Requested size: 433.62pt x 324.35312pt.
 [28 <./images/damping.png>]
<images/acc_whole.png, id=675, 790.955pt x 179.67125pt>
File: images/acc_whole.png Graphic file (type png)
<use images/acc_whole.png>
Package pdftex.def Info: images/acc_whole.png  used on input line 162.
(pdftex.def)             Requested size: 433.62pt x 98.50145pt.
 [29 <./images/response_abq.png> <./images/acc_whole.png>]
<images/acc_weight.png, id=684, 765.35938pt x 245.91875pt>
File: images/acc_weight.png Graphic file (type png)
<use images/acc_weight.png>
Package pdftex.def Info: images/acc_weight.png  used on input line 172.
(pdftex.def)             Requested size: 433.62pt x 139.32709pt.
 [30 <./images/acc_weight.png>]
<images/res_part_factor.pdf, id=694, 722.7pt x 542.025pt>
File: images/res_part_factor.pdf Graphic file (type pdf)
<use images/res_part_factor.pdf>
Package pdftex.def Info: images/res_part_factor.pdf  used on input line 195.
(pdftex.def)             Requested size: 433.62pt x 325.2175pt.
 [31 <./images/res_part_factor.pdf>]
<images/contr_factor.png, id=714, 1054.43938pt x 324.21124pt>
File: images/contr_factor.png Graphic file (type png)
<use images/contr_factor.png>
Package pdftex.def Info: images/contr_factor.png  used on input line 214.
(pdftex.def)             Requested size: 433.62pt x 133.32817pt.
 [32 <./images/contr_factor.png>] [33]
<images/l2d,gamma_R_5m.png, id=728, 542.7477pt x 445.1832pt>
File: images/l2d,gamma_R_5m.png Graphic file (type png)
<use images/l2d,gamma_R_5m.png>
Package pdftex.def Info: images/l2d,gamma_R_5m.png  used on input line 240.
(pdftex.def)             Requested size: 210.35257pt x 172.54066pt.
<images/l2d,gamma_R_6m.png, id=729, 542.7477pt x 446.6286pt>
File: images/l2d,gamma_R_6m.png Graphic file (type png)
<use images/l2d,gamma_R_6m.png>
Package pdftex.def Info: images/l2d,gamma_R_6m.png  used on input line 246.
(pdftex.def)             Requested size: 210.35257pt x 173.10086pt.
<images/l2d,gamma_R_7m.png, id=730, 544.1931pt x 445.9059pt>
File: images/l2d,gamma_R_7m.png Graphic file (type png)
<use images/l2d,gamma_R_7m.png>
Package pdftex.def Info: images/l2d,gamma_R_7m.png  used on input line 252.
(pdftex.def)             Requested size: 210.35257pt x 172.3581pt.
<images/l2d,gamma_R_8m.png, id=731, 544.1931pt x 448.074pt>
File: images/l2d,gamma_R_8m.png Graphic file (type png)
<use images/l2d,gamma_R_8m.png>
Package pdftex.def Info: images/l2d,gamma_R_8m.png  used on input line 258.
(pdftex.def)             Requested size: 210.35257pt x 173.19614pt.
<images/l2d,gamma_R_9m.png, id=732, 543.4704pt x 448.7967pt>
File: images/l2d,gamma_R_9m.png Graphic file (type png)
<use images/l2d,gamma_R_9m.png>
Package pdftex.def Info: images/l2d,gamma_R_9m.png  used on input line 264.
(pdftex.def)             Requested size: 210.35257pt x 173.70833pt.
<images/l2d,gamma_R_10m.png, id=733, 543.4704pt x 449.5194pt>
File: images/l2d,gamma_R_10m.png Graphic file (type png)
<use images/l2d,gamma_R_10m.png>
Package pdftex.def Info: images/l2d,gamma_R_10m.png  used on input line 270.
(pdftex.def)             Requested size: 210.35257pt x 173.98804pt.
<images/span_R.png, id=735, 370.0224pt x 502.2765pt>
File: images/span_R.png Graphic file (type png)
<use images/span_R.png>
Package pdftex.def Info: images/span_R.png  used on input line 283.
(pdftex.def)             Requested size: 137.37471pt x 186.47551pt.
<images/l2d_R.png, id=736, 369.2997pt x 501.5538pt>
File: images/l2d_R.png Graphic file (type png)
<use images/l2d_R.png>
Package pdftex.def Info: images/l2d_R.png  used on input line 289.
(pdftex.def)             Requested size: 137.37471pt x 186.5669pt.
<images/gamma_R.png, id=737, 370.0224pt x 502.9992pt>
File: images/gamma_R.png Graphic file (type png)
<use images/gamma_R.png>
Package pdftex.def Info: images/gamma_R.png  used on input line 295.
(pdftex.def)             Requested size: 137.37471pt x 186.74382pt.
 [34 <./images/span_R.png> <./images/l2d_R.png> <./images/gamma_R.png>] [35 <./
images/l2d,gamma_R_5m.png> <./images/l2d,gamma_R_6m.png> <./images/l2d,gamma_R_
7m.png> <./images/l2d,gamma_R_8m.png> <./images/l2d,gamma_R_9m.png> <./images/l
2d,gamma_R_10m.png>]
<images/m1,f1_R1.png, id=757, 962.09438pt x 543.02875pt>
File: images/m1,f1_R1.png Graphic file (type png)
<use images/m1,f1_R1.png>
Package pdftex.def Info: images/m1,f1_R1.png  used on input line 314.
(pdftex.def)             Requested size: 433.62pt x 244.7501pt.
[36]
<images/m1_R1.png, id=768, 462.528pt x 395.3169pt>
File: images/m1_R1.png Graphic file (type png)
<use images/m1_R1.png>
Package pdftex.def Info: images/m1_R1.png  used on input line 328.
(pdftex.def)             Requested size: 210.35257pt x 179.785pt.
<images/f1_R1.png, id=769, 462.528pt x 394.5942pt>
File: images/f1_R1.png Graphic file (type png)
<use images/f1_R1.png>
Package pdftex.def Info: images/f1_R1.png  used on input line 334.
(pdftex.def)             Requested size: 210.35257pt x 179.45633pt.
 [37 <./images/m1,f1_R1.png>]
<images/norm_m1_f1_R1.png, id=778, 911.90688pt x 650.43pt>
File: images/norm_m1_f1_R1.png Graphic file (type png)
<use images/norm_m1_f1_R1.png>
Package pdftex.def Info: images/norm_m1_f1_R1.png  used on input line 345.
(pdftex.def)             Requested size: 433.62pt x 309.29489pt.
 [38 <./images/m1_R1.png> <./images/f1_R1.png>]
<images/norm_m1_f1_R1_const_m1.png, id=790, 915.6609pt x 654.0435pt>
File: images/norm_m1_f1_R1_const_m1.png Graphic file (type png)
<use images/norm_m1_f1_R1_const_m1.png>
Package pdftex.def Info: images/norm_m1_f1_R1_const_m1.png  used on input line 
353.
(pdftex.def)             Requested size: 346.89731pt x 247.78064pt.
 [39 <./images/norm_m1_f1_R1.png>]
<images/norm_m1_f1_1_5_R1_const_m1.png, id=796, 914.9382pt x 654.7662pt>
File: images/norm_m1_f1_1_5_R1_const_m1.png Graphic file (type png)
<use images/norm_m1_f1_1_5_R1_const_m1.png>
Package pdftex.def Info: images/norm_m1_f1_1_5_R1_const_m1.png  used on input l
ine 360.
(pdftex.def)             Requested size: 346.89731pt x 248.25424pt.
 [40 <./images/norm_m1_f1_R1_const_m1.png> <./images/norm_m1_f1_1_5_R1_const_m1
.png>]
<images/m1_R1_pred.png, id=809, 462.528pt x 423.5022pt>
File: images/m1_R1_pred.png Graphic file (type png)
<use images/m1_R1_pred.png>
Package pdftex.def Info: images/m1_R1_pred.png  used on input line 394.
(pdftex.def)             Requested size: 210.35257pt x 192.60332pt.
<images/f1_R1_pred.png, id=810, 462.528pt x 424.2249pt>
File: images/f1_R1_pred.png Graphic file (type png)
<use images/f1_R1_pred.png>
Package pdftex.def Info: images/f1_R1_pred.png  used on input line 400.
(pdftex.def)             Requested size: 210.35257pt x 192.93199pt.
) [41 <./images/m1_R1_pred.png> <./images/f1_R1_pred.png>] [42]
\openout2 = `chapter5.aux'.

 (chapter5.tex
Chapter 5.
<images/m1_f1_fail.png, id=828, 547.54562pt x 370.88562pt>
File: images/m1_f1_fail.png Graphic file (type png)
<use images/m1_f1_fail.png>
Package pdftex.def Info: images/m1_f1_fail.png  used on input line 6.
(pdftex.def)             Requested size: 346.89731pt x 234.97778pt.
[43



] [44 <./images/m1_f1_fail.png>]
<images/middle_1.png, id=841, 511.41063pt x 403.5075pt>
File: images/middle_1.png Graphic file (type png)
<use images/middle_1.png>
Package pdftex.def Info: images/middle_1.png  used on input line 30.
(pdftex.def)             Requested size: 210.35257pt x 165.96864pt.
<images/middle_2.png, id=842, 510.90875pt x 401.5pt>
File: images/middle_2.png Graphic file (type png)
<use images/middle_2.png>
Package pdftex.def Info: images/middle_2.png  used on input line 36.
(pdftex.def)             Requested size: 210.35257pt x 165.30222pt.
<images/mass_inc_density_middle1.png, id=845, 1089.8316pt x 1023.3432pt>
File: images/mass_inc_density_middle1.png Graphic file (type png)
<use images/mass_inc_density_middle1.png>
Package pdftex.def Info: images/mass_inc_density_middle1.png  used on input lin
e 47.
(pdftex.def)             Requested size: 429.28616pt x 403.09967pt.
 [45 <./images/middle_1.png> <./images/middle_2.png>]
<images/mass_inc_density_middle2.png, id=853, 1089.1089pt x 1023.3432pt>
File: images/mass_inc_density_middle2.png Graphic file (type png)
<use images/mass_inc_density_middle2.png>
Package pdftex.def Info: images/mass_inc_density_middle2.png  used on input lin
e 54.
(pdftex.def)             Requested size: 429.28616pt x 403.36511pt.
 [46 <./images/mass_inc_density_middle1.png>]
<images/mass_inc_thickness_middle1.png, id=859, 1089.8316pt x 1023.3432pt>
File: images/mass_inc_thickness_middle1.png Graphic file (type png)
<use images/mass_inc_thickness_middle1.png>
Package pdftex.def Info: images/mass_inc_thickness_middle1.png  used on input l
ine 61.
(pdftex.def)             Requested size: 429.28616pt x 403.09967pt.
 [47 <./images/mass_inc_density_middle2.png>]
<images/mass_inc_thickness_middle2.png, id=865, 1090.5543pt x 1023.3432pt>
File: images/mass_inc_thickness_middle2.png Graphic file (type png)
<use images/mass_inc_thickness_middle2.png>
Package pdftex.def Info: images/mass_inc_thickness_middle2.png  used on input l
ine 68.
(pdftex.def)             Requested size: 429.28616pt x 402.83421pt.
 [48 <./images/mass_inc_thickness_middle1.png>] [49 <./images/mass_inc_thicknes
s_middle2.png>]
Overfull \hbox (3.0338pt too wide) in paragraph at lines 80--88
[][] 
 []

<images/m1_f1_improve.png, id=879, 825.58438pt x 562.1pt>
File: images/m1_f1_improve.png Graphic file (type png)
<use images/m1_f1_improve.png>
Package pdftex.def Info: images/m1_f1_improve.png  used on input line 95.
(pdftex.def)             Requested size: 411.93767pt x 280.47466pt.
[50]
<images/panels_modelling.png, id=886, 643.40375pt x 496.35437pt>
File: images/panels_modelling.png Graphic file (type png)
<use images/panels_modelling.png>
Package pdftex.def Info: images/panels_modelling.png  used on input line 107.
(pdftex.def)             Requested size: 390.25534pt x 301.07164pt.
 [51 <./images/m1_f1_improve.png>] [52 <./images/panels_modelling.png>]
<images/opt_flowchart.png, id=898, 441.14813pt x 667.99562pt>
File: images/opt_flowchart.png Graphic file (type png)
<use images/opt_flowchart.png>
Package pdftex.def Info: images/opt_flowchart.png  used on input line 119.
(pdftex.def)             Requested size: 303.53267pt x 459.63318pt.

[53] [54 <./images/opt_flowchart.png>] [55]
<images/sample_10.png, id=921, 501.5538pt x 517.4532pt>
File: images/sample_10.png Graphic file (type png)
<use images/sample_10.png>
Package pdftex.def Info: images/sample_10.png  used on input line 192.
(pdftex.def)             Requested size: 210.35257pt x 217.02092pt.
<images/sample_15.png, id=922, 500.1084pt x 516.7305pt>
File: images/sample_15.png Graphic file (type png)
<use images/sample_15.png>
Package pdftex.def Info: images/sample_15.png  used on input line 198.
(pdftex.def)             Requested size: 210.35257pt x 217.3486pt.
 [56] [57 <./images/sample_10.png> <./images/sample_15.png>]
<images/t_opt_l2d10_gamma1.png, id=940, 566.115pt x 571.63562pt>
File: images/t_opt_l2d10_gamma1.png Graphic file (type png)
<use images/t_opt_l2d10_gamma1.png>
Package pdftex.def Info: images/t_opt_l2d10_gamma1.png  used on input line 214.

(pdftex.def)             Requested size: 137.37471pt x 138.71304pt.
<images/t_opt_l2d10_gamma2.png, id=941, 566.61688pt x 572.1375pt>
File: images/t_opt_l2d10_gamma2.png Graphic file (type png)
<use images/t_opt_l2d10_gamma2.png>
Package pdftex.def Info: images/t_opt_l2d10_gamma2.png  used on input line 220.

(pdftex.def)             Requested size: 137.37471pt x 138.71262pt.
<images/t_opt_l2d10_gamma3.png, id=942, 566.61688pt x 572.63937pt>
File: images/t_opt_l2d10_gamma3.png Graphic file (type png)
<use images/t_opt_l2d10_gamma3.png>
Package pdftex.def Info: images/t_opt_l2d10_gamma3.png  used on input line 226.

(pdftex.def)             Requested size: 137.37471pt x 138.83429pt.
<images/t_opt_l2d10_gamma4.png, id=943, 565.11125pt x 572.63937pt>
File: images/t_opt_l2d10_gamma4.png Graphic file (type png)
<use images/t_opt_l2d10_gamma4.png>
Package pdftex.def Info: images/t_opt_l2d10_gamma4.png  used on input line 232.

(pdftex.def)             Requested size: 137.37471pt x 139.20128pt.
<images/t_opt_l2d10_gamma5.png, id=944, 566.115pt x 572.1375pt>
File: images/t_opt_l2d10_gamma5.png Graphic file (type png)
<use images/t_opt_l2d10_gamma5.png>
Package pdftex.def Info: images/t_opt_l2d10_gamma5.png  used on input line 238.

(pdftex.def)             Requested size: 137.37471pt x 138.83484pt.
<images/t_opt_l2d10_gamma6.png, id=945, 563.60562pt x 571.63562pt>
File: images/t_opt_l2d10_gamma6.png Graphic file (type png)
<use images/t_opt_l2d10_gamma6.png>
Package pdftex.def Info: images/t_opt_l2d10_gamma6.png  used on input line 244.

(pdftex.def)             Requested size: 137.37471pt x 139.33234pt.
<images/t_opt_l2d10_gamma7.png, id=946, 565.61313pt x 571.13374pt>
File: images/t_opt_l2d10_gamma7.png Graphic file (type png)
<use images/t_opt_l2d10_gamma7.png>
Package pdftex.def Info: images/t_opt_l2d10_gamma7.png  used on input line 250.

(pdftex.def)             Requested size: 137.37471pt x 138.71327pt.
<images/t_opt_l2d10_gamma8.png, id=947, 566.115pt x 572.63937pt>
File: images/t_opt_l2d10_gamma8.png Graphic file (type png)
<use images/t_opt_l2d10_gamma8.png>
Package pdftex.def Info: images/t_opt_l2d10_gamma8.png  used on input line 256.

(pdftex.def)             Requested size: 137.37471pt x 138.95662pt.
<images/t_opt_l2d10_gamma9.png, id=948, 564.60938pt x 572.1375pt>
File: images/t_opt_l2d10_gamma9.png Graphic file (type png)
<use images/t_opt_l2d10_gamma9.png>
Package pdftex.def Info: images/t_opt_l2d10_gamma9.png  used on input line 262.

(pdftex.def)             Requested size: 137.37471pt x 139.2015pt.
<images/t_opt_l2d10_gamma10.png, id=949, 528.97626pt x 535.50063pt>
File: images/t_opt_l2d10_gamma10.png Graphic file (type png)
<use images/t_opt_l2d10_gamma10.png>
Package pdftex.def Info: images/t_opt_l2d10_gamma10.png  used on input line 268
.
(pdftex.def)             Requested size: 137.37471pt x 139.06345pt.
 [58]
<images/t_opt_l2d15_gamma1.png, id=954, 527.9725pt x 534.49687pt>
File: images/t_opt_l2d15_gamma1.png Graphic file (type png)
<use images/t_opt_l2d15_gamma1.png>
Package pdftex.def Info: images/t_opt_l2d15_gamma1.png  used on input line 280.

(pdftex.def)             Requested size: 137.37471pt x 139.07193pt.
<images/t_opt_l2d15_gamma2.png, id=955, 528.47438pt x 536.0025pt>
File: images/t_opt_l2d15_gamma2.png Graphic file (type png)
<use images/t_opt_l2d15_gamma2.png>
Package pdftex.def Info: images/t_opt_l2d15_gamma2.png  used on input line 286.

(pdftex.def)             Requested size: 137.37471pt x 139.32465pt.
<images/t_opt_l2d15_gamma3.png, id=956, 527.9725pt x 534.99875pt>
File: images/t_opt_l2d15_gamma3.png Graphic file (type png)
<use images/t_opt_l2d15_gamma3.png>
Package pdftex.def Info: images/t_opt_l2d15_gamma3.png  used on input line 292.

(pdftex.def)             Requested size: 137.37471pt x 139.20251pt.
<images/t_opt_l2d15_gamma4.png, id=957, 528.47438pt x 536.0025pt>
File: images/t_opt_l2d15_gamma4.png Graphic file (type png)
<use images/t_opt_l2d15_gamma4.png>
Package pdftex.def Info: images/t_opt_l2d15_gamma4.png  used on input line 298.

(pdftex.def)             Requested size: 137.37471pt x 139.32465pt.
<images/t_opt_l2d15_gamma5.png, id=958, 528.47438pt x 535.50063pt>
File: images/t_opt_l2d15_gamma5.png Graphic file (type png)
<use images/t_opt_l2d15_gamma5.png>
Package pdftex.def Info: images/t_opt_l2d15_gamma5.png  used on input line 304.

(pdftex.def)             Requested size: 137.37471pt x 139.19418pt.
<images/t_opt_l2d15_gamma6.png, id=959, 527.9725pt x 535.50063pt>
File: images/t_opt_l2d15_gamma6.png Graphic file (type png)
<use images/t_opt_l2d15_gamma6.png>
Package pdftex.def Info: images/t_opt_l2d15_gamma6.png  used on input line 310.

(pdftex.def)             Requested size: 137.37471pt x 139.3331pt.
<images/t_opt_l2d15_gamma7.png, id=960, 528.47438pt x 535.50063pt>
File: images/t_opt_l2d15_gamma7.png Graphic file (type png)
<use images/t_opt_l2d15_gamma7.png>
Package pdftex.def Info: images/t_opt_l2d15_gamma7.png  used on input line 316.

(pdftex.def)             Requested size: 137.37471pt x 139.19418pt.
<images/t_opt_l2d15_gamma8.png, id=961, 527.47063pt x 533.995pt>
File: images/t_opt_l2d15_gamma8.png Graphic file (type png)
<use images/t_opt_l2d15_gamma8.png>
Package pdftex.def Info: images/t_opt_l2d15_gamma8.png  used on input line 322.

(pdftex.def)             Requested size: 137.37471pt x 139.07172pt.
<images/t_opt_l2d15_gamma9.png, id=962, 528.47438pt x 536.0025pt>
File: images/t_opt_l2d15_gamma9.png Graphic file (type png)
<use images/t_opt_l2d15_gamma9.png>
Package pdftex.def Info: images/t_opt_l2d15_gamma9.png  used on input line 328.

(pdftex.def)             Requested size: 137.37471pt x 139.32465pt.
<images/t_opt_l2d15_gamma10.png, id=963, 529.47812pt x 535.50063pt>
File: images/t_opt_l2d15_gamma10.png Graphic file (type png)
<use images/t_opt_l2d15_gamma10.png>
Package pdftex.def Info: images/t_opt_l2d15_gamma10.png  used on input line 334
.
(pdftex.def)             Requested size: 137.37471pt x 138.93271pt.
 [59 <./images/t_opt_l2d10_gamma1.png> <./images/t_opt_l2d10_gamma2.png> <./ima
ges/t_opt_l2d10_gamma3.png> <./images/t_opt_l2d10_gamma4.png> <./images/t_opt_l
2d10_gamma5.png> <./images/t_opt_l2d10_gamma6.png> <./images/t_opt_l2d10_gamma7
.png> <./images/t_opt_l2d10_gamma8.png> <./images/t_opt_l2d10_gamma9.png> <./im
ages/t_opt_l2d10_gamma10.png>] [60 <./images/t_opt_l2d15_gamma1.png> <./images/
t_opt_l2d15_gamma2.png> <./images/t_opt_l2d15_gamma3.png> <./images/t_opt_l2d15
_gamma4.png> <./images/t_opt_l2d15_gamma5.png> <./images/t_opt_l2d15_gamma6.png
> <./images/t_opt_l2d15_gamma7.png> <./images/t_opt_l2d15_gamma8.png> <./images
/t_opt_l2d15_gamma9.png> <./images/t_opt_l2d15_gamma10.png>]
<images/opt_m1.png, id=997, 682.04813pt x 676.5275pt>
File: images/opt_m1.png Graphic file (type png)
<use images/opt_m1.png>
Package pdftex.def Info: images/opt_m1.png  used on input line 347.
(pdftex.def)             Requested size: 210.35257pt x 208.64777pt.
File: images/t_opt_l2d10_gamma6.png Graphic file (type png)
<use images/t_opt_l2d10_gamma6.png>
Package pdftex.def Info: images/t_opt_l2d10_gamma6.png  used on input line 353.

(pdftex.def)             Requested size: 209.28914pt x 212.26944pt.
 [61 <./images/opt_m1.png>]
<images/gamma_R1_l2d10.png, id=1004, 1105.0083pt x 771.8436pt>
File: images/gamma_R1_l2d10.png Graphic file (type png)
<use images/gamma_R1_l2d10.png>
Package pdftex.def Info: images/gamma_R1_l2d10.png  used on input line 366.
(pdftex.def)             Requested size: 386.35492pt x 269.86665pt.
<images/gamma_R1_l2d15.png, id=1005, 1106.4537pt x 772.5663pt>
File: images/gamma_R1_l2d15.png Graphic file (type png)
<use images/gamma_R1_l2d15.png>
Package pdftex.def Info: images/gamma_R1_l2d15.png  used on input line 372.
(pdftex.def)             Requested size: 386.35492pt x 269.76569pt.
 [62 <./images/gamma_R1_l2d10.png> <./images/gamma_R1_l2d15.png>]) [63]
\openout2 = `chapter6.aux'.

 (chapter6.tex
Chapter 6.
[64



]
Overfull \hbox (0.14633pt too wide) in paragraph at lines 11--12
[]\OT1/cmr/m/n/12 The in-flu-ence of ge-o-met-ric pa-ram-e-ters on the dy-namic
 re-sponse is im-posed through
 []

[65]) [66] (1_main.bbl [67


])
Package atveryend Info: Empty hook `BeforeClearDocument' on input line 80.
 [68]
Package atveryend Info: Empty hook `AfterLastShipout' on input line 80.
 (1_main.aux (abstract.aux) (chapter1.aux)
(chapter2.aux) (chapter3.aux) (chapter4.aux) (chapter5.aux) (chapter6.aux))
Package atveryend Info: Executing hook `AtVeryEndDocument' on input line 80.
Package atveryend Info: Executing hook `AtEndAfterFileList' on input line 80.
Package rerunfilecheck Info: File `1_main.out' has not changed.
(rerunfilecheck)             Checksum: 8765C8FE6E94998D280F40F257560BC4;3659.


LaTeX Warning: Label(s) may have changed. Rerun to get cross-references right.

Package atveryend Info: Empty hook `AtVeryVeryEnd' on input line 80.
 ) 
Here is how much of TeX's memory you used:
 9307 strings out of 492946
 143247 string characters out of 3135522
 239088 words of memory out of 3000000
 12712 multiletter control sequences out of 15000+200000
 16013 words of font info for 60 fonts, out of 3000000 for 9000
 1141 hyphenation exceptions out of 8191
 42i,26n,48p,1631b,519s stack positions out of 5000i,500n,10000p,200000b,50000s
<C:/Program Files/MiKTeX 2.9/fonts/type1/public/amsfonts/cm/cmbx12.pfb><C:/Pr
ogram Files/MiKTeX 2.9/fonts/type1/public/amsfonts/cm/cmbx8.pfb><C:/Program Fil
es/MiKTeX 2.9/fonts/type1/public/amsfonts/cm/cmex10.pfb><C:/Program Files/MiKTe
X 2.9/fonts/type1/public/amsfonts/cm/cmmi10.pfb><C:/Program Files/MiKTeX 2.9/fo
nts/type1/public/amsfonts/cm/cmmi12.pfb><C:/Program Files/MiKTeX 2.9/fonts/type
1/public/amsfonts/cm/cmmi6.pfb><C:/Program Files/MiKTeX 2.9/fonts/type1/public/
amsfonts/cm/cmmi7.pfb><C:/Program Files/MiKTeX 2.9/fonts/type1/public/amsfonts/
cm/cmmi8.pfb><C:/Program Files/MiKTeX 2.9/fonts/type1/public/amsfonts/cm/cmmib1
0.pfb><C:/Program Files/MiKTeX 2.9/fonts/type1/public/amsfonts/cmextra/cmmib8.p
fb><C:/Program Files/MiKTeX 2.9/fonts/type1/public/amsfonts/cm/cmr10.pfb><C:/Pr
ogram Files/MiKTeX 2.9/fonts/type1/public/amsfonts/cm/cmr12.pfb><C:/Program Fil
es/MiKTeX 2.9/fonts/type1/public/amsfonts/cm/cmr6.pfb><C:/Program Files/MiKTeX 
2.9/fonts/type1/public/amsfonts/cm/cmr7.pfb><C:/Program Files/MiKTeX 2.9/fonts/
type1/public/amsfonts/cm/cmr8.pfb><C:/Program Files/MiKTeX 2.9/fonts/type1/publ
ic/amsfonts/cm/cmsy10.pfb><C:/Program Files/MiKTeX 2.9/fonts/type1/public/amsfo
nts/cm/cmsy8.pfb><C:/Program Files/MiKTeX 2.9/fonts/type1/public/amsfonts/cm/cm
ti12.pfb><C:/Program Files/MiKTeX 2.9/fonts/type1/public/amsfonts/cm/cmtt12.pfb
><C:/Program Files/MiKTeX 2.9/fonts/type1/public/amsfonts/symbols/msbm10.pfb>
Output written on 1_main.pdf (75 pages, 23633806 bytes).
PDF statistics:
 1160 PDF objects out of 1200 (max. 8388607)
 230 named destinations out of 1000 (max. 500000)
 833 words of extra memory for PDF output out of 10000 (max. 10000000)

